  Validation des sources
  Copie des sources à distance vers '10.187.52.121'
  Validation de l'architecture
  Validation de l'architecture
  Démarrage de la build distante
  Compilation des sources :
  Gps.cpp
C:\Users\trichen\Documents\ProjetRuche\projetRucheFinal\serialib.h(86,67): warning : converting to non-pointer type ‘unsigned int’ from NULL [-Wconversion-null]
C:\Users\trichen\Documents\ProjetRuche\projetRucheFinal\serialib.h(86,67): warning :    86 |     char    ReadChar(char* pByte, const unsigned int TimeOut_ms = NULL);
C:\Users\trichen\Documents\ProjetRuche\projetRucheFinal\serialib.h(86,67): warning :       |                                                                   ^~~~
C:\Users\trichen\Documents\ProjetRuche\projetRucheFinal\serialib.h(100,41): warning : converting to non-pointer type ‘unsigned int’ from NULL [-Wconversion-null]
C:\Users\trichen\Documents\ProjetRuche\projetRucheFinal\serialib.h(100,41): warning :   100 |         const unsigned int TimeOut_ms = NULL);
C:\Users\trichen\Documents\ProjetRuche\projetRucheFinal\serialib.h(100,41): warning :       |                                         ^~~~
C:\Users\trichen\Documents\ProjetRuche\projetRucheFinal\serialib.h(112,89): warning : converting to non-pointer type ‘unsigned int’ from NULL [-Wconversion-null]
C:\Users\trichen\Documents\ProjetRuche\projetRucheFinal\serialib.h(112,89): warning :   112 |     int     Read(void* Buffer, unsigned int MaxNbBytes, const unsigned int TimeOut_ms = NULL);
C:\Users\trichen\Documents\ProjetRuche\projetRucheFinal\serialib.h(112,89): warning :       |                                                                                         ^~~~
C:\Users\trichen\Documents\ProjetRuche\projetRucheFinal\Gps.cpp(74,29): warning : ‘sizeof’ on array function parameter ‘trame’ will return size of ‘char*’ [-Wsizeof-array-argument]
C:\Users\trichen\Documents\ProjetRuche\projetRucheFinal\Gps.cpp(74,29): warning :    74 |     memset(trame, 0, sizeof(trame));//permet de vider la trame
C:\Users\trichen\Documents\ProjetRuche\projetRucheFinal\Gps.cpp(74,29): warning :       |                            ~^~~~~~
C:\Users\trichen\Documents\ProjetRuche\projetRucheFinal\Gps.cpp(72,45): message : declared here
C:\Users\trichen\Documents\ProjetRuche\projetRucheFinal\Gps.cpp(74,22): warning : argument to ‘sizeof’ in ‘void* memset(void*, int, size_t)’ call is the same expression as the destination; did you mean to provide an explicit length? [-Wsizeof-pointer-memaccess]
C:\Users\trichen\Documents\ProjetRuche\projetRucheFinal\Gps.cpp(74,22): warning :    74 |     memset(trame, 0, sizeof(trame));//permet de vider la trame
C:\Users\trichen\Documents\ProjetRuche\projetRucheFinal\Gps.cpp(74,22): warning :       |                      ^~~~~~~~~~~~~
C:\Users\trichen\Documents\ProjetRuche\projetRucheFinal\Gps.cpp(81,29): warning : ‘sizeof’ on array function parameter ‘trame’ will return size of ‘char*’ [-Wsizeof-array-argument]
C:\Users\trichen\Documents\ProjetRuche\projetRucheFinal\Gps.cpp(81,29): warning :    81 |     memset(trame, 0, sizeof(trame));
C:\Users\trichen\Documents\ProjetRuche\projetRucheFinal\Gps.cpp(81,29): warning :       |                            ~^~~~~~
C:\Users\trichen\Documents\ProjetRuche\projetRucheFinal\Gps.cpp(72,45): message : declared here
C:\Users\trichen\Documents\ProjetRuche\projetRucheFinal\Gps.cpp(81,22): warning : argument to ‘sizeof’ in ‘void* memset(void*, int, size_t)’ call is the same expression as the destination; did you mean to provide an explicit length? [-Wsizeof-pointer-memaccess]
C:\Users\trichen\Documents\ProjetRuche\projetRucheFinal\Gps.cpp(81,22): warning :    81 |     memset(trame, 0, sizeof(trame));
C:\Users\trichen\Documents\ProjetRuche\projetRucheFinal\Gps.cpp(81,22): warning :       |                      ^~~~~~~~~~~~~
C:\Users\trichen\Documents\ProjetRuche\projetRucheFinal\Gps.cpp(90,23): warning : comparison of integer expressions of different signedness: ‘int’ and ‘std::vector<std::__cxx11::basic_string<char> >::size_type’ {aka ‘unsigned int’} [-Wsign-compare]
C:\Users\trichen\Documents\ProjetRuche\projetRucheFinal\Gps.cpp(90,23): warning :    90 |     for (int i = 0; i < vecTrame.size(); i++)
C:\Users\trichen\Documents\ProjetRuche\projetRucheFinal\Gps.cpp(90,23): warning :       |                     ~~^~~~~~~~~~~~~~~~~
C:\Users\trichen\Documents\ProjetRuche\projetRucheFinal\Gps.cpp(112,29): warning : ‘sizeof’ on array function parameter ‘trame’ will return size of ‘char*’ [-Wsizeof-array-argument]
C:\Users\trichen\Documents\ProjetRuche\projetRucheFinal\Gps.cpp(112,29): warning :   112 |     memset(trame, 0, sizeof(trame));
C:\Users\trichen\Documents\ProjetRuche\projetRucheFinal\Gps.cpp(112,29): warning :       |                            ~^~~~~~
C:\Users\trichen\Documents\ProjetRuche\projetRucheFinal\Gps.cpp(72,45): message : declared here
C:\Users\trichen\Documents\ProjetRuche\projetRucheFinal\Gps.cpp(112,22): warning : argument to ‘sizeof’ in ‘void* memset(void*, int, size_t)’ call is the same expression as the destination; did you mean to provide an explicit length? [-Wsizeof-pointer-memaccess]
C:\Users\trichen\Documents\ProjetRuche\projetRucheFinal\Gps.cpp(112,22): warning :   112 |     memset(trame, 0, sizeof(trame));
C:\Users\trichen\Documents\ProjetRuche\projetRucheFinal\Gps.cpp(112,22): warning :       |                      ^~~~~~~~~~~~~
C:\Users\trichen\Documents\ProjetRuche\projetRucheFinal\Gps.cpp(124,29): warning : ‘sizeof’ on array function parameter ‘trame’ will return size of ‘char*’ [-Wsizeof-array-argument]
C:\Users\trichen\Documents\ProjetRuche\projetRucheFinal\Gps.cpp(124,29): warning :   124 |     memset(trame, 0, sizeof(trame));
C:\Users\trichen\Documents\ProjetRuche\projetRucheFinal\Gps.cpp(124,29): warning :       |                            ~^~~~~~
C:\Users\trichen\Documents\ProjetRuche\projetRucheFinal\Gps.cpp(121,36): message : declared here
C:\Users\trichen\Documents\ProjetRuche\projetRucheFinal\Gps.cpp(124,22): warning : argument to ‘sizeof’ in ‘void* memset(void*, int, size_t)’ call is the same expression as the destination; did you mean to provide an explicit length? [-Wsizeof-pointer-memaccess]
C:\Users\trichen\Documents\ProjetRuche\projetRucheFinal\Gps.cpp(124,22): warning :   124 |     memset(trame, 0, sizeof(trame));
C:\Users\trichen\Documents\ProjetRuche\projetRucheFinal\Gps.cpp(124,22): warning :       |                      ^~~~~~~~~~~~~
C:\Users\trichen\Documents\ProjetRuche\projetRucheFinal\Gps.cpp(132,29): warning : ‘sizeof’ on array function parameter ‘trame’ will return size of ‘char*’ [-Wsizeof-array-argument]
C:\Users\trichen\Documents\ProjetRuche\projetRucheFinal\Gps.cpp(132,29): warning :   132 |     memset(trame, 0, sizeof(trame));
C:\Users\trichen\Documents\ProjetRuche\projetRucheFinal\Gps.cpp(132,29): warning :       |                            ~^~~~~~
C:\Users\trichen\Documents\ProjetRuche\projetRucheFinal\Gps.cpp(121,36): message : declared here
C:\Users\trichen\Documents\ProjetRuche\projetRucheFinal\Gps.cpp(132,22): warning : argument to ‘sizeof’ in ‘void* memset(void*, int, size_t)’ call is the same expression as the destination; did you mean to provide an explicit length? [-Wsizeof-pointer-memaccess]
C:\Users\trichen\Documents\ProjetRuche\projetRucheFinal\Gps.cpp(132,22): warning :   132 |     memset(trame, 0, sizeof(trame));
C:\Users\trichen\Documents\ProjetRuche\projetRucheFinal\Gps.cpp(132,22): warning :       |                      ^~~~~~~~~~~~~
C:\Users\trichen\Documents\ProjetRuche\projetRucheFinal\Gps.cpp(143,29): warning : ‘sizeof’ on array function parameter ‘trame’ will return size of ‘char*’ [-Wsizeof-array-argument]
C:\Users\trichen\Documents\ProjetRuche\projetRucheFinal\Gps.cpp(143,29): warning :   143 |     memset(trame, 0, sizeof(trame));
C:\Users\trichen\Documents\ProjetRuche\projetRucheFinal\Gps.cpp(143,29): warning :       |                            ~^~~~~~
C:\Users\trichen\Documents\ProjetRuche\projetRucheFinal\Gps.cpp(121,36): message : declared here
C:\Users\trichen\Documents\ProjetRuche\projetRucheFinal\Gps.cpp(143,22): warning : argument to ‘sizeof’ in ‘void* memset(void*, int, size_t)’ call is the same expression as the destination; did you mean to provide an explicit length? [-Wsizeof-pointer-memaccess]
C:\Users\trichen\Documents\ProjetRuche\projetRucheFinal\Gps.cpp(143,22): warning :   143 |     memset(trame, 0, sizeof(trame));
C:\Users\trichen\Documents\ProjetRuche\projetRucheFinal\Gps.cpp(143,22): warning :       |                      ^~~~~~~~~~~~~
C:\Users\trichen\Documents\ProjetRuche\projetRucheFinal\Gps.cpp(154,23): warning : comparison of integer expressions of different signedness: ‘int’ and ‘std::vector<std::__cxx11::basic_string<char> >::size_type’ {aka ‘unsigned int’} [-Wsign-compare]
C:\Users\trichen\Documents\ProjetRuche\projetRucheFinal\Gps.cpp(154,23): warning :   154 |     for (int i = 0; i < vecTrame.size(); i++)
C:\Users\trichen\Documents\ProjetRuche\projetRucheFinal\Gps.cpp(154,23): warning :       |                     ~~^~~~~~~~~~~~~~~~~
C:\Users\trichen\Documents\ProjetRuche\projetRucheFinal\Gps.cpp(164,29): warning : ‘sizeof’ on array function parameter ‘trame’ will return size of ‘char*’ [-Wsizeof-array-argument]
C:\Users\trichen\Documents\ProjetRuche\projetRucheFinal\Gps.cpp(164,29): warning :   164 |     memset(trame, 0, sizeof(trame));
C:\Users\trichen\Documents\ProjetRuche\projetRucheFinal\Gps.cpp(164,29): warning :       |                            ~^~~~~~
C:\Users\trichen\Documents\ProjetRuche\projetRucheFinal\Gps.cpp(121,36): message : declared here
C:\Users\trichen\Documents\ProjetRuche\projetRucheFinal\Gps.cpp(164,22): warning : argument to ‘sizeof’ in ‘void* memset(void*, int, size_t)’ call is the same expression as the destination; did you mean to provide an explicit length? [-Wsizeof-pointer-memaccess]
C:\Users\trichen\Documents\ProjetRuche\projetRucheFinal\Gps.cpp(164,22): warning :   164 |     memset(trame, 0, sizeof(trame));
C:\Users\trichen\Documents\ProjetRuche\projetRucheFinal\Gps.cpp(164,22): warning :       |                      ^~~~~~~~~~~~~
C:\Users\trichen\Documents\ProjetRuche\projetRucheFinal\Gps.cpp(172,29): warning : ‘sizeof’ on array function parameter ‘trame’ will return size of ‘char*’ [-Wsizeof-array-argument]
C:\Users\trichen\Documents\ProjetRuche\projetRucheFinal\Gps.cpp(172,29): warning :   172 |     memset(trame, 0, sizeof(trame));
C:\Users\trichen\Documents\ProjetRuche\projetRucheFinal\Gps.cpp(172,29): warning :       |                            ~^~~~~~
C:\Users\trichen\Documents\ProjetRuche\projetRucheFinal\Gps.cpp(170,31): message : declared here
C:\Users\trichen\Documents\ProjetRuche\projetRucheFinal\Gps.cpp(172,22): warning : argument to ‘sizeof’ in ‘void* memset(void*, int, size_t)’ call is the same expression as the destination; did you mean to provide an explicit length? [-Wsizeof-pointer-memaccess]
C:\Users\trichen\Documents\ProjetRuche\projetRucheFinal\Gps.cpp(172,22): warning :   172 |     memset(trame, 0, sizeof(trame));
C:\Users\trichen\Documents\ProjetRuche\projetRucheFinal\Gps.cpp(172,22): warning :       |                      ^~~~~~~~~~~~~
C:\Users\trichen\Documents\ProjetRuche\projetRucheFinal\Gps.cpp(181,29): warning : ‘sizeof’ on array function parameter ‘trame’ will return size of ‘char*’ [-Wsizeof-array-argument]
C:\Users\trichen\Documents\ProjetRuche\projetRucheFinal\Gps.cpp(181,29): warning :   181 |     memset(trame, 0, sizeof(trame));
C:\Users\trichen\Documents\ProjetRuche\projetRucheFinal\Gps.cpp(181,29): warning :       |                            ~^~~~~~
C:\Users\trichen\Documents\ProjetRuche\projetRucheFinal\Gps.cpp(170,31): message : declared here
C:\Users\trichen\Documents\ProjetRuche\projetRucheFinal\Gps.cpp(181,22): warning : argument to ‘sizeof’ in ‘void* memset(void*, int, size_t)’ call is the same expression as the destination; did you mean to provide an explicit length? [-Wsizeof-pointer-memaccess]
C:\Users\trichen\Documents\ProjetRuche\projetRucheFinal\Gps.cpp(181,22): warning :   181 |     memset(trame, 0, sizeof(trame));
C:\Users\trichen\Documents\ProjetRuche\projetRucheFinal\Gps.cpp(181,22): warning :       |                      ^~~~~~~~~~~~~
C:\Users\trichen\Documents\ProjetRuche\projetRucheFinal\Gps.cpp(202,29): warning : ‘sizeof’ on array function parameter ‘trame’ will return size of ‘char*’ [-Wsizeof-array-argument]
C:\Users\trichen\Documents\ProjetRuche\projetRucheFinal\Gps.cpp(202,29): warning :   202 |     memset(trame, 0, sizeof(trame));
C:\Users\trichen\Documents\ProjetRuche\projetRucheFinal\Gps.cpp(202,29): warning :       |                            ~^~~~~~
C:\Users\trichen\Documents\ProjetRuche\projetRucheFinal\Gps.cpp(170,31): message : declared here
C:\Users\trichen\Documents\ProjetRuche\projetRucheFinal\Gps.cpp(202,22): warning : argument to ‘sizeof’ in ‘void* memset(void*, int, size_t)’ call is the same expression as the destination; did you mean to provide an explicit length? [-Wsizeof-pointer-memaccess]
C:\Users\trichen\Documents\ProjetRuche\projetRucheFinal\Gps.cpp(202,22): warning :   202 |     memset(trame, 0, sizeof(trame));
C:\Users\trichen\Documents\ProjetRuche\projetRucheFinal\Gps.cpp(202,22): warning :       |                      ^~~~~~~~~~~~~
C:\Users\trichen\Documents\ProjetRuche\projetRucheFinal\Gps.cpp(58,1): warning : control reaches end of non-void function [-Wreturn-type]
C:\Users\trichen\Documents\ProjetRuche\projetRucheFinal\Gps.cpp(58,1): warning :    58 | }
C:\Users\trichen\Documents\ProjetRuche\projetRucheFinal\Gps.cpp(58,1): warning :       | ^
C:\Users\trichen\Documents\ProjetRuche\projetRucheFinal\Gps.cpp(119,1): warning : control reaches end of non-void function [-Wreturn-type]
C:\Users\trichen\Documents\ProjetRuche\projetRucheFinal\Gps.cpp(119,1): warning :   119 | }
C:\Users\trichen\Documents\ProjetRuche\projetRucheFinal\Gps.cpp(119,1): warning :       | ^
  Liaison des objets
  ProjetRucheEnvoyerDonneesDemande.vcxproj -> C:\Users\trichen\Documents\ProjetRuche\ProjetRucheEnvoyerDonneesDemande\bin\ARM\Debug\ProjetRucheEnvoyerDonneesDemande.out
