  Validation des sources
  Copie des sources à distance vers '10.187.52.121'
  Validation de l'architecture
  Validation de l'architecture
  Démarrage de la build distante
  Compilation des sources :
  Gps.cpp
C:\Users\trichen\Documents\ProjetRuche\projetRucheFinal\serialib.h(86,67): warning : converting to non-pointer type ‘unsigned int’ from NULL [-Wconversion-null]
C:\Users\trichen\Documents\ProjetRuche\projetRucheFinal\serialib.h(86,67): warning :    86 |     char    ReadChar(char* pByte, const unsigned int TimeOut_ms = NULL);
C:\Users\trichen\Documents\ProjetRuche\projetRucheFinal\serialib.h(86,67): warning :       |                                                                   ^~~~
C:\Users\trichen\Documents\ProjetRuche\projetRucheFinal\serialib.h(100,41): warning : converting to non-pointer type ‘unsigned int’ from NULL [-Wconversion-null]
C:\Users\trichen\Documents\ProjetRuche\projetRucheFinal\serialib.h(100,41): warning :   100 |         const unsigned int TimeOut_ms = NULL);
C:\Users\trichen\Documents\ProjetRuche\projetRucheFinal\serialib.h(100,41): warning :       |                                         ^~~~
C:\Users\trichen\Documents\ProjetRuche\projetRucheFinal\serialib.h(112,89): warning : converting to non-pointer type ‘unsigned int’ from NULL [-Wconversion-null]
C:\Users\trichen\Documents\ProjetRuche\projetRucheFinal\serialib.h(112,89): warning :   112 |     int     Read(void* Buffer, unsigned int MaxNbBytes, const unsigned int TimeOut_ms = NULL);
C:\Users\trichen\Documents\ProjetRuche\projetRucheFinal\serialib.h(112,89): warning :       |                                                                                         ^~~~
C:\Users\trichen\Documents\ProjetRuche\projetRucheFinal\Gps.cpp(61,29): warning : ‘sizeof’ on array function parameter ‘trame’ will return size of ‘char*’ [-Wsizeof-array-argument]
C:\Users\trichen\Documents\ProjetRuche\projetRucheFinal\Gps.cpp(61,29): warning :    61 |     memset(trame, 0, sizeof(trame));
C:\Users\trichen\Documents\ProjetRuche\projetRucheFinal\Gps.cpp(61,29): warning :       |                            ~^~~~~~
C:\Users\trichen\Documents\ProjetRuche\projetRucheFinal\Gps.cpp(59,45): message : declared here
C:\Users\trichen\Documents\ProjetRuche\projetRucheFinal\Gps.cpp(61,22): warning : argument to ‘sizeof’ in ‘void* memset(void*, int, size_t)’ call is the same expression as the destination; did you mean to provide an explicit length? [-Wsizeof-pointer-memaccess]
C:\Users\trichen\Documents\ProjetRuche\projetRucheFinal\Gps.cpp(61,22): warning :    61 |     memset(trame, 0, sizeof(trame));
C:\Users\trichen\Documents\ProjetRuche\projetRucheFinal\Gps.cpp(61,22): warning :       |                      ^~~~~~~~~~~~~
C:\Users\trichen\Documents\ProjetRuche\projetRucheFinal\Gps.cpp(69,29): warning : ‘sizeof’ on array function parameter ‘trame’ will return size of ‘char*’ [-Wsizeof-array-argument]
C:\Users\trichen\Documents\ProjetRuche\projetRucheFinal\Gps.cpp(69,29): warning :    69 |     memset(trame, 0, sizeof(trame));
C:\Users\trichen\Documents\ProjetRuche\projetRucheFinal\Gps.cpp(69,29): warning :       |                            ~^~~~~~
C:\Users\trichen\Documents\ProjetRuche\projetRucheFinal\Gps.cpp(59,45): message : declared here
C:\Users\trichen\Documents\ProjetRuche\projetRucheFinal\Gps.cpp(69,22): warning : argument to ‘sizeof’ in ‘void* memset(void*, int, size_t)’ call is the same expression as the destination; did you mean to provide an explicit length? [-Wsizeof-pointer-memaccess]
C:\Users\trichen\Documents\ProjetRuche\projetRucheFinal\Gps.cpp(69,22): warning :    69 |     memset(trame, 0, sizeof(trame));
C:\Users\trichen\Documents\ProjetRuche\projetRucheFinal\Gps.cpp(69,22): warning :       |                      ^~~~~~~~~~~~~
C:\Users\trichen\Documents\ProjetRuche\projetRucheFinal\Gps.cpp(78,23): warning : comparison of integer expressions of different signedness: ‘int’ and ‘std::vector<std::__cxx11::basic_string<char> >::size_type’ {aka ‘unsigned int’} [-Wsign-compare]
C:\Users\trichen\Documents\ProjetRuche\projetRucheFinal\Gps.cpp(78,23): warning :    78 |     for (int i = 0; i < vecTrame.size(); i++)
C:\Users\trichen\Documents\ProjetRuche\projetRucheFinal\Gps.cpp(78,23): warning :       |                     ~~^~~~~~~~~~~~~~~~~
C:\Users\trichen\Documents\ProjetRuche\projetRucheFinal\Gps.cpp(99,29): warning : ‘sizeof’ on array function parameter ‘trame’ will return size of ‘char*’ [-Wsizeof-array-argument]
C:\Users\trichen\Documents\ProjetRuche\projetRucheFinal\Gps.cpp(99,29): warning :    99 |     memset(trame, 0, sizeof(trame));
C:\Users\trichen\Documents\ProjetRuche\projetRucheFinal\Gps.cpp(99,29): warning :       |                            ~^~~~~~
C:\Users\trichen\Documents\ProjetRuche\projetRucheFinal\Gps.cpp(59,45): message : declared here
C:\Users\trichen\Documents\ProjetRuche\projetRucheFinal\Gps.cpp(99,22): warning : argument to ‘sizeof’ in ‘void* memset(void*, int, size_t)’ call is the same expression as the destination; did you mean to provide an explicit length? [-Wsizeof-pointer-memaccess]
C:\Users\trichen\Documents\ProjetRuche\projetRucheFinal\Gps.cpp(99,22): warning :    99 |     memset(trame, 0, sizeof(trame));
C:\Users\trichen\Documents\ProjetRuche\projetRucheFinal\Gps.cpp(99,22): warning :       |                      ^~~~~~~~~~~~~
C:\Users\trichen\Documents\ProjetRuche\projetRucheFinal\Gps.cpp(113,29): warning : ‘sizeof’ on array function parameter ‘trame’ will return size of ‘char*’ [-Wsizeof-array-argument]
C:\Users\trichen\Documents\ProjetRuche\projetRucheFinal\Gps.cpp(113,29): warning :   113 |     memset(trame, 0, sizeof(trame));
C:\Users\trichen\Documents\ProjetRuche\projetRucheFinal\Gps.cpp(113,29): warning :       |                            ~^~~~~~
C:\Users\trichen\Documents\ProjetRuche\projetRucheFinal\Gps.cpp(110,36): message : declared here
C:\Users\trichen\Documents\ProjetRuche\projetRucheFinal\Gps.cpp(113,22): warning : argument to ‘sizeof’ in ‘void* memset(void*, int, size_t)’ call is the same expression as the destination; did you mean to provide an explicit length? [-Wsizeof-pointer-memaccess]
C:\Users\trichen\Documents\ProjetRuche\projetRucheFinal\Gps.cpp(113,22): warning :   113 |     memset(trame, 0, sizeof(trame));
C:\Users\trichen\Documents\ProjetRuche\projetRucheFinal\Gps.cpp(113,22): warning :       |                      ^~~~~~~~~~~~~
C:\Users\trichen\Documents\ProjetRuche\projetRucheFinal\Gps.cpp(121,29): warning : ‘sizeof’ on array function parameter ‘trame’ will return size of ‘char*’ [-Wsizeof-array-argument]
C:\Users\trichen\Documents\ProjetRuche\projetRucheFinal\Gps.cpp(121,29): warning :   121 |     memset(trame, 0, sizeof(trame));
C:\Users\trichen\Documents\ProjetRuche\projetRucheFinal\Gps.cpp(121,29): warning :       |                            ~^~~~~~
C:\Users\trichen\Documents\ProjetRuche\projetRucheFinal\Gps.cpp(110,36): message : declared here
C:\Users\trichen\Documents\ProjetRuche\projetRucheFinal\Gps.cpp(121,22): warning : argument to ‘sizeof’ in ‘void* memset(void*, int, size_t)’ call is the same expression as the destination; did you mean to provide an explicit length? [-Wsizeof-pointer-memaccess]
C:\Users\trichen\Documents\ProjetRuche\projetRucheFinal\Gps.cpp(121,22): warning :   121 |     memset(trame, 0, sizeof(trame));
C:\Users\trichen\Documents\ProjetRuche\projetRucheFinal\Gps.cpp(121,22): warning :       |                      ^~~~~~~~~~~~~
C:\Users\trichen\Documents\ProjetRuche\projetRucheFinal\Gps.cpp(132,29): warning : ‘sizeof’ on array function parameter ‘trame’ will return size of ‘char*’ [-Wsizeof-array-argument]
C:\Users\trichen\Documents\ProjetRuche\projetRucheFinal\Gps.cpp(132,29): warning :   132 |     memset(trame, 0, sizeof(trame));
C:\Users\trichen\Documents\ProjetRuche\projetRucheFinal\Gps.cpp(132,29): warning :       |                            ~^~~~~~
C:\Users\trichen\Documents\ProjetRuche\projetRucheFinal\Gps.cpp(110,36): message : declared here
C:\Users\trichen\Documents\ProjetRuche\projetRucheFinal\Gps.cpp(132,22): warning : argument to ‘sizeof’ in ‘void* memset(void*, int, size_t)’ call is the same expression as the destination; did you mean to provide an explicit length? [-Wsizeof-pointer-memaccess]
C:\Users\trichen\Documents\ProjetRuche\projetRucheFinal\Gps.cpp(132,22): warning :   132 |     memset(trame, 0, sizeof(trame));
C:\Users\trichen\Documents\ProjetRuche\projetRucheFinal\Gps.cpp(132,22): warning :       |                      ^~~~~~~~~~~~~
C:\Users\trichen\Documents\ProjetRuche\projetRucheFinal\Gps.cpp(142,23): warning : comparison of integer expressions of different signedness: ‘int’ and ‘std::vector<std::__cxx11::basic_string<char> >::size_type’ {aka ‘unsigned int’} [-Wsign-compare]
C:\Users\trichen\Documents\ProjetRuche\projetRucheFinal\Gps.cpp(142,23): warning :   142 |     for (int i = 0; i < vecTrame.size(); i++)
C:\Users\trichen\Documents\ProjetRuche\projetRucheFinal\Gps.cpp(142,23): warning :       |                     ~~^~~~~~~~~~~~~~~~~
C:\Users\trichen\Documents\ProjetRuche\projetRucheFinal\Gps.cpp(152,29): warning : ‘sizeof’ on array function parameter ‘trame’ will return size of ‘char*’ [-Wsizeof-array-argument]
C:\Users\trichen\Documents\ProjetRuche\projetRucheFinal\Gps.cpp(152,29): warning :   152 |     memset(trame, 0, sizeof(trame));
C:\Users\trichen\Documents\ProjetRuche\projetRucheFinal\Gps.cpp(152,29): warning :       |                            ~^~~~~~
C:\Users\trichen\Documents\ProjetRuche\projetRucheFinal\Gps.cpp(110,36): message : declared here
C:\Users\trichen\Documents\ProjetRuche\projetRucheFinal\Gps.cpp(152,22): warning : argument to ‘sizeof’ in ‘void* memset(void*, int, size_t)’ call is the same expression as the destination; did you mean to provide an explicit length? [-Wsizeof-pointer-memaccess]
C:\Users\trichen\Documents\ProjetRuche\projetRucheFinal\Gps.cpp(152,22): warning :   152 |     memset(trame, 0, sizeof(trame));
C:\Users\trichen\Documents\ProjetRuche\projetRucheFinal\Gps.cpp(152,22): warning :       |                      ^~~~~~~~~~~~~
C:\Users\trichen\Documents\ProjetRuche\projetRucheFinal\Gps.cpp(159,29): warning : ‘sizeof’ on array function parameter ‘trame’ will return size of ‘char*’ [-Wsizeof-array-argument]
C:\Users\trichen\Documents\ProjetRuche\projetRucheFinal\Gps.cpp(159,29): warning :   159 |     memset(trame, 0, sizeof(trame));
C:\Users\trichen\Documents\ProjetRuche\projetRucheFinal\Gps.cpp(159,29): warning :       |                            ~^~~~~~
C:\Users\trichen\Documents\ProjetRuche\projetRucheFinal\Gps.cpp(157,31): message : declared here
C:\Users\trichen\Documents\ProjetRuche\projetRucheFinal\Gps.cpp(159,22): warning : argument to ‘sizeof’ in ‘void* memset(void*, int, size_t)’ call is the same expression as the destination; did you mean to provide an explicit length? [-Wsizeof-pointer-memaccess]
C:\Users\trichen\Documents\ProjetRuche\projetRucheFinal\Gps.cpp(159,22): warning :   159 |     memset(trame, 0, sizeof(trame));
C:\Users\trichen\Documents\ProjetRuche\projetRucheFinal\Gps.cpp(159,22): warning :       |                      ^~~~~~~~~~~~~
C:\Users\trichen\Documents\ProjetRuche\projetRucheFinal\Gps.cpp(168,29): warning : ‘sizeof’ on array function parameter ‘trame’ will return size of ‘char*’ [-Wsizeof-array-argument]
C:\Users\trichen\Documents\ProjetRuche\projetRucheFinal\Gps.cpp(168,29): warning :   168 |     memset(trame, 0, sizeof(trame));
C:\Users\trichen\Documents\ProjetRuche\projetRucheFinal\Gps.cpp(168,29): warning :       |                            ~^~~~~~
C:\Users\trichen\Documents\ProjetRuche\projetRucheFinal\Gps.cpp(157,31): message : declared here
C:\Users\trichen\Documents\ProjetRuche\projetRucheFinal\Gps.cpp(168,22): warning : argument to ‘sizeof’ in ‘void* memset(void*, int, size_t)’ call is the same expression as the destination; did you mean to provide an explicit length? [-Wsizeof-pointer-memaccess]
C:\Users\trichen\Documents\ProjetRuche\projetRucheFinal\Gps.cpp(168,22): warning :   168 |     memset(trame, 0, sizeof(trame));
C:\Users\trichen\Documents\ProjetRuche\projetRucheFinal\Gps.cpp(168,22): warning :       |                      ^~~~~~~~~~~~~
C:\Users\trichen\Documents\ProjetRuche\projetRucheFinal\Gps.cpp(178,29): warning : ‘sizeof’ on array function parameter ‘trame’ will return size of ‘char*’ [-Wsizeof-array-argument]
C:\Users\trichen\Documents\ProjetRuche\projetRucheFinal\Gps.cpp(178,29): warning :   178 |     memset(trame, 0, sizeof(trame));
C:\Users\trichen\Documents\ProjetRuche\projetRucheFinal\Gps.cpp(178,29): warning :       |                            ~^~~~~~
C:\Users\trichen\Documents\ProjetRuche\projetRucheFinal\Gps.cpp(157,31): message : declared here
C:\Users\trichen\Documents\ProjetRuche\projetRucheFinal\Gps.cpp(178,22): warning : argument to ‘sizeof’ in ‘void* memset(void*, int, size_t)’ call is the same expression as the destination; did you mean to provide an explicit length? [-Wsizeof-pointer-memaccess]
C:\Users\trichen\Documents\ProjetRuche\projetRucheFinal\Gps.cpp(178,22): warning :   178 |     memset(trame, 0, sizeof(trame));
C:\Users\trichen\Documents\ProjetRuche\projetRucheFinal\Gps.cpp(178,22): warning :       |                      ^~~~~~~~~~~~~
C:\Users\trichen\Documents\ProjetRuche\projetRucheFinal\Gps.cpp(57,1): warning : control reaches end of non-void function [-Wreturn-type]
C:\Users\trichen\Documents\ProjetRuche\projetRucheFinal\Gps.cpp(57,1): warning :    57 | }
C:\Users\trichen\Documents\ProjetRuche\projetRucheFinal\Gps.cpp(57,1): warning :       | ^
C:\Users\trichen\Documents\ProjetRuche\projetRucheFinal\Gps.cpp(108,1): warning : control reaches end of non-void function [-Wreturn-type]
C:\Users\trichen\Documents\ProjetRuche\projetRucheFinal\Gps.cpp(108,1): warning :   108 | }
C:\Users\trichen\Documents\ProjetRuche\projetRucheFinal\Gps.cpp(108,1): warning :       | ^
  Liaison des objets
  projetRucheFinal.vcxproj -> C:\Users\trichen\Documents\ProjetRuche\projetRucheFinal\bin\ARM\Debug\projetRucheFinal.out
